  소스.cpp
c:\users\b407_17\documents\github\study\study-master\study-master\4.4\4.4\소스.cpp(79): error C2059: 구문 오류: '}'
c:\users\b407_17\documents\github\study\study-master\study-master\4.4\4.4\소스.cpp(79): error C2143: 구문 오류: ';'이(가) '}' 앞에 없습니다.
c:\users\b407_17\documents\github\study\study-master\study-master\4.4\4.4\소스.cpp(82): error C2143: 구문 오류: ';'이(가) '{' 앞에 없습니다.
c:\users\b407_17\documents\github\study\study-master\study-master\4.4\4.4\소스.cpp(82): error C2447: '{': 함수 헤더가 없습니다. 이전 스타일의 형식 목록입니까?
c:\users\b407_17\documents\github\study\study-master\study-master\4.4\4.4\소스.cpp(142): error C2065: 'myData': 선언되지 않은 식별자입니다.
c:\users\b407_17\documents\github\study\study-master\study-master\4.4\4.4\소스.cpp(142): error C2228: '.pos' 왼쪽에는 클래스/구조체/공용 구조체가 있어야 합니다.
  c:\users\b407_17\documents\github\study\study-master\study-master\4.4\4.4\소스.cpp(142): note: 'unknown-type' 형식입니다.
c:\users\b407_17\documents\github\study\study-master\study-master\4.4\4.4\소스.cpp(151): error C2065: 'myData': 선언되지 않은 식별자입니다.
c:\users\b407_17\documents\github\study\study-master\study-master\4.4\4.4\소스.cpp(151): error C2228: '.pos' 왼쪽에는 클래스/구조체/공용 구조체가 있어야 합니다.
  c:\users\b407_17\documents\github\study\study-master\study-master\4.4\4.4\소스.cpp(151): note: 'unknown-type' 형식입니다.
c:\users\b407_17\documents\github\study\study-master\study-master\4.4\4.4\소스.cpp(116): warning C4996: 'getch': The POSIX name for this item is deprecated. Instead, use the ISO C and C++ conformant name: _getch. See online help for details.
  c:\program files\windows kits\10\include\10.0.10240.0\ucrt\conio.h(452): note: 'getch' 선언을 참조하십시오.
c:\users\b407_17\documents\github\study\study-master\study-master\4.4\4.4\소스.cpp(119): warning C4996: 'getch': The POSIX name for this item is deprecated. Instead, use the ISO C and C++ conformant name: _getch. See online help for details.
  c:\program files\windows kits\10\include\10.0.10240.0\ucrt\conio.h(452): note: 'getch' 선언을 참조하십시오.
c:\users\b407_17\documents\github\study\study-master\study-master\4.4\4.4\소스.cpp(189): error C2065: 'myData': 선언되지 않은 식별자입니다.
c:\users\b407_17\documents\github\study\study-master\study-master\4.4\4.4\소스.cpp(189): error C2228: '.shape' 왼쪽에는 클래스/구조체/공용 구조체가 있어야 합니다.
  c:\users\b407_17\documents\github\study\study-master\study-master\4.4\4.4\소스.cpp(189): note: 'unknown-type' 형식입니다.
c:\users\b407_17\documents\github\study\study-master\study-master\4.4\4.4\소스.cpp(190): error C2065: 'myData': 선언되지 않은 식별자입니다.
c:\users\b407_17\documents\github\study\study-master\study-master\4.4\4.4\소스.cpp(190): error C2228: '.pos' 왼쪽에는 클래스/구조체/공용 구조체가 있어야 합니다.
  c:\users\b407_17\documents\github\study\study-master\study-master\4.4\4.4\소스.cpp(190): note: 'unknown-type' 형식입니다.
c:\users\b407_17\documents\github\study\study-master\study-master\4.4\4.4\소스.cpp(197): error C3861: 'inputon': 식별자를 찾을 수 없습니다.
c:\users\b407_17\documents\github\study\study-master\study-master\4.4\4.4\소스.cpp(179): warning C4996: 'strcpy': This function or variable may be unsafe. Consider using strcpy_s instead. To disable deprecation, use _CRT_SECURE_NO_WARNINGS. See online help for details.
  c:\program files\windows kits\10\include\10.0.10240.0\ucrt\string.h(119): note: 'strcpy' 선언을 참조하십시오.
c:\users\b407_17\documents\github\study\study-master\study-master\4.4\4.4\소스.cpp(183): warning C4996: 'strcpy': This function or variable may be unsafe. Consider using strcpy_s instead. To disable deprecation, use _CRT_SECURE_NO_WARNINGS. See online help for details.
  c:\program files\windows kits\10\include\10.0.10240.0\ucrt\string.h(119): note: 'strcpy' 선언을 참조하십시오.
